Checking license acceptance...License terms accepted.
License, legal-notices/license.txt, has been accepted.
License Hash: a5GIoWOZQaGncrUaRgtjo5kmm7g=.
Checking configuration directory /root/config....Success.
Installing OpenAM configuration store...Success RSA/ECB/OAEPWithSHA1AndMGF1Padding.
Extracting OpenDJ, please wait...AMSetupServlet.processRequest: errorjava.lang.StringIndexOutOfBoundsException: String index out of range: -1
	at java.lang.String.substring(String.java:1931)
	at com.sun.identity.setup.ServicesDefaultValues.tagSwap(ServicesDefaultValues.java:559)
	at com.sun.identity.setup.ServicesDefaultValues.tagSwap(ServicesDefaultValues.java:533)
	at com.sun.identity.setup.EmbeddedOpenDS.setup(EmbeddedOpenDS.java:235)
	at com.sun.identity.setup.AMSetupServlet.setupEmbeddedDS(AMSetupServlet.java:836)
	at com.sun.identity.setup.AMSetupServlet.setupSMDatastore(AMSetupServlet.java:884)
	at com.sun.identity.setup.AMSetupServlet.configure(AMSetupServlet.java:922)
	at com.sun.identity.setup.AMSetupServlet.processRequest(AMSetupServlet.java:594)
	at com.sun.identity.config.wizard.Wizard.createConfig(Wizard.java:305)
	at sun.reflect.NativeMethodAccessorImpl.invoke0(Native Method)
	at sun.reflect.NativeMethodAccessorImpl.invoke(NativeMethodAccessorImpl.java:62)
	at sun.reflect.DelegatingMethodAccessorImpl.invoke(DelegatingMethodAccessorImpl.java:43)
	at java.lang.reflect.Method.invoke(Method.java:498)
	at org.apache.click.util.ClickUtils.invokeMethod(ClickUtils.java:3317)
	at org.apache.click.util.ClickUtils.invokeListener(ClickUtils.java:2088)
	at org.apache.click.control.AbstractControl$1.onAction(AbstractControl.java:228)
	at org.apache.click.ActionEventDispatcher.fireActionEvent(ActionEventDispatcher.java:259)
	at org.apache.click.ActionEventDispatcher.fireActionEvents(ActionEventDispatcher.java:236)
	at org.apache.click.ActionEventDispatcher.fireActionEvents(ActionEventDispatcher.java:180)
	at org.apache.click.ClickServlet.performOnProcess(ClickServlet.java:746)
	at org.apache.click.ClickServlet.processAjaxPageEvents(ClickServlet.java:1860)
	at org.apache.click.ClickServlet.processPage(ClickServlet.java:559)
	at org.apache.click.ClickServlet.handleRequest(ClickServlet.java:383)
	at org.apache.click.ClickServlet.doGet(ClickServlet.java:276)
	at javax.servlet.http.HttpServlet.service(HttpServlet.java:622)
	at javax.servlet.http.HttpServlet.service(HttpServlet.java:729)
	at org.apache.catalina.core.ApplicationFilterChain.internalDoFilter(ApplicationFilterChain.java:292)
	at org.apache.catalina.core.ApplicationFilterChain.doFilter(ApplicationFilterChain.java:207)
	at org.apache.tomcat.websocket.server.WsFilter.doFilter(WsFilter.java:52)
	at org.apache.catalina.core.ApplicationFilterChain.internalDoFilter(ApplicationFilterChain.java:240)
	at org.apache.catalina.core.ApplicationFilterChain.doFilter(ApplicationFilterChain.java:207)
	at org.forgerock.openam.validation.ResponseValidationFilter.doFilter(ResponseValidationFilter.java:44)
	at org.apache.catalina.core.ApplicationFilterChain.internalDoFilter(ApplicationFilterChain.java:240)
	at org.apache.catalina.core.ApplicationFilterChain.doFilter(ApplicationFilterChain.java:207)
	at com.sun.identity.setup.AMSetupFilter.doFilter(AMSetupFilter.java:118)
	at org.apache.catalina.core.ApplicationFilterChain.internalDoFilter(ApplicationFilterChain.java:240)
	at org.apache.catalina.core.ApplicationFilterChain.doFilter(ApplicationFilterChain.java:207)
	at org.forgerock.openam.audit.context.AuditContextFilter.doFilter(AuditContextFilter.java:51)
	at org.apache.catalina.core.ApplicationFilterChain.internalDoFilter(ApplicationFilterChain.java:240)
	at org.apache.catalina.core.ApplicationFilterChain.doFilter(ApplicationFilterChain.java:207)
	at org.apache.catalina.core.StandardWrapperValve.invoke(StandardWrapperValve.java:212)
	at org.apache.catalina.core.StandardContextValve.invoke(StandardContextValve.java:106)
	at org.apache.catalina.authenticator.AuthenticatorBase.invoke(AuthenticatorBase.java:502)
	at org.apache.catalina.core.StandardHostValve.invoke(StandardHostValve.java:141)
	at org.apache.catalina.valves.ErrorReportValve.invoke(ErrorReportValve.java:79)
	at org.apache.catalina.valves.AbstractAccessLogValve.invoke(AbstractAccessLogValve.java:616)
	at org.apache.catalina.core.StandardEngineValve.invoke(StandardEngineValve.java:88)
	at org.apache.catalina.connector.CoyoteAdapter.service(CoyoteAdapter.java:528)
	at org.apache.coyote.http11.AbstractHttp11Processor.process(AbstractHttp11Processor.java:1099)
	at org.apache.coyote.AbstractProtocol$AbstractConnectionHandler.process(AbstractProtocol.java:670)
	at org.apache.tomcat.util.net.AprEndpoint$SocketProcessor.doRun(AprEndpoint.java:2508)
	at org.apache.tomcat.util.net.AprEndpoint$SocketProcessor.run(AprEndpoint.java:2497)
	at java.util.concurrent.ThreadPoolExecutor.runWorker(ThreadPoolExecutor.java:1142)
	at java.util.concurrent.ThreadPoolExecutor$Worker.run(ThreadPoolExecutor.java:617)
	at org.apache.tomcat.util.threads.TaskThread$WrappingRunnable.run(TaskThread.java:61)
	at java.lang.Thread.run(Thread.java:745)


Dumping all configuration parameters...

Request Parameters:
acceptLicense = true
actionLink = createConfig
ADMIN_CONFIRM_PWD = #########
ADMIN_PWD = #########
AM_ENC_KEY = #########
AMLDAPUSERPASSWD = #########
AMLDAPUSERPASSWD_CONFIRM = #########
BASE_DIR = /root/config
COOKIE_DOMAIN = .oxyware.com
DATA_STORE = embedded
DIRECTORY_ADMIN_PORT = 4444
DIRECTORY_JMX_PORT = 1689
DIRECTORY_PORT = 50389
DIRECTORY_SERVER = localhost
DIRECTORY_SSL = SIMPLE
DS_DIRMGRDN = cn=Directory Manager
DS_DIRMGRPASSWD = #########
ie7fix = 17
locale = en_US
PLATFORM_LOCALE = en_US
ROOT_SUFFIX = dc=openam,dc=forgerock,dc=org
SERVER_HOST = tis.oxyware.com
SERVER_PORT = 8081
SERVER_URI = http://tis.oxyware.com:8081/config/wizard/wizard.htm
SERVER_URL = http://tis.oxyware.com:8081

Main configuration items:
acceptLicense = true
actionLink = createConfig
ADMIN_PWD = #########
AM_COEXIST = false
AM_ENC_KEY = #########
AM_REALM = true
AMLDAPUSERPASSWD = #########
AMSDK_I18N_KEY = a101
AUTH_DEFAULT_CONFIG = ldapService
AUTHNSVC_CRAMMD5_MECHANISM_HANDLER = com.sun.identity.liberty.ws.authnsvc.mechanism.CramMD5MechanismHandler
AUTHNSVC_PLAIN_MECHANISM_HANDLER = com.sun.identity.liberty.ws.authnsvc.mechanism.PlainMechanismHandler
AUTHNSVC_SSOTOKEN_MECHANISM_HANDLER = com.sun.identity.liberty.ws.authnsvc.mechanism.SSOTokenMechanismHandler
BASE_DIR = /root/config
CONFIGURATION_PROVIDER_CLASS = com.sun.identity.plugin.configuration.impl.ConfigurationInstanceImpl
CONSOLE_URI = 
COOKIE_DOMAIN = .oxyware.com
COOKIE_ENCODE = false
DATA_STORE = embedded
DATASTORE_NOTIFICATION = true
DATASTORE_PROVIDER_CLASS = com.sun.identity.plugin.datastore.impl.IdRepoDataStoreProvider
DB_NAME = userRoot
DEBUG_DIR = debug
DEBUG_SUBDIR = debug
DEFAULT_AUTH_MODULE = DataStore
DEFAULT_ORG = dc=openam,dc=forgerock,dc=org
DIRECTORY_ADMIN_PORT = 4444
DIRECTORY_JMX_PORT = 1689
DIRECTORY_PORT = 50389
DIRECTORY_SERVER = localhost
DIRECTORY_SSL = SIMPLE
DISABLE_PERSISTENT_SEARCH = aci,um
DISCO_AUTHORIZER = com.sun.identity.liberty.ws.disco.plugins.DefaultDiscoAuthorizer
DISCO_ENTRY_HANDLER = com.sun.identity.liberty.ws.disco.plugins.UserDiscoEntryHandler
DISCO_GLOBAL_ENTRY_HANDLER = com.sun.identity.liberty.ws.disco.plugins.GlobalDiscoEntryHandler
DIT_LOADED = false
DS_DIRMGRDN = cn=Directory Manager
DS_DIRMGRPASSWD = #########
DS_OBJECT_CLASS = ldap.SMSLdapObject
DS_UM_SCHEMA = sms
EMBEDDED_DS_OBJECT_CLASS = ldap.SMSEmbeddedLdapObject
ENCADADMINPASSWD = #########
ENCADMINPASSWD = #########
ENCDSDIRMGRPASSWD = #########
ENCLDAPUSERPASSWD = #########
GlobalClientSideAuthModuleScriptId = c827d2b4-3608-4693-868e-bbcf86bd87c7
GlobalClientSideDeviceIdMatchScriptId = 157298c0-7d31-4059-a95b-eeb08473b7e5
GlobalEntitlementConditionScriptId = 9de3eb62-f131-4fac-a294-7bd170fd4acb
GlobalOidcClaimsScriptId = 36863ffb-40ec-48b9-94b1-9a99f71cc3b5
GlobalServerSideAuthModuleScriptId = 7e3d7067-d50f-4674-8c76-a3e13a810c33
GlobalServerSideDeviceIdMatchScriptId = 703dab1a-1921-4981-98dd-b8e5349d8548
HASHADMINPASSWD = #########
HASHLDAPUSERPASSWD = #########
IDPP_AUTHORIZER = com.sun.identity.liberty.ws.idpp.plugin.IDPPAuthorizer
ie7fix = 17
IS_INSTALL_VARDIR = baseDir
IS_PRODNAME = 
LDAP_CONNECTION_MODE = LDAP
locale = en_US
LOG_DIR = log
LOG_PROVIDER_CLASS = com.sun.identity.plugin.log.impl.LogProvider
MONAGENT_PROVIDER_CLASS = com.sun.identity.plugin.monitoring.impl.AgentProvider
MONIDFF_PROVIDER_CLASS = com.sun.identity.plugin.monitoring.impl.FedMonIDFFSvcProvider
MONSAML1_PROVIDER_CLASS = com.sun.identity.plugin.monitoring.impl.FedMonSAML1SvcProvider
MONSAML2_PROVIDER_CLASS = com.sun.identity.plugin.monitoring.impl.FedMonSAML2SvcProvider
NORMALIZED_ORGBASE = dc=openam,dc=forgerock,dc=org
NORMALIZED_RS = dc=openam,dc=forgerock,dc=org
NoScriptDefined = [Empty]
OLDCON_DEPLOY_URI = 
OPENDS_TRANSFORMATION = RSA/ECB/OAEPWithSHA1AndMGF1Padding
ORG_BASE = dc=openam,dc=forgerock,dc=org
ORG_NAMING_ATTR = o
ORG_OBJECT_CLASS = sunismanagedorganization
ORG_ROOT_SUFFIX = dc=openam,dc=forgerock,dc=org
OUTPUT_DIR = basedir/uri
PAM_SERVICE_NAME = other
People_NM_ORG_ROOT_SUFFIX = People_dc=openam_dc=forgerock_dc=org
PLATFORM_LOCALE = en_US
ROOT_SUFFIX = dc=openam,dc=forgerock,dc=org
RS_RDN = openam
SERVER_HOST = tis.oxyware.com
SERVER_PORT = 8081
SERVER_PROTO = http
SERVER_URI = 
SERVER_URL = http://tis.oxyware.com:8081
SESSION_PROVIDER_CLASS = com.sun.identity.plugin.session.impl.FMSessionProvider
SESSION_ROOT_SUFFIX = o=openam-session
SESSION_STORE_TYPE = embedded
SM_CONFIG_BASEDN = dc=openam,dc=forgerock,dc=org
SM_CONFIG_BASEDN_RDNV = openam
SM_CONFIG_ROOT_SUFFIX = dc=openam,dc=forgerock,dc=org
SM_ROOT_SUFFIX_HAT = dc=openam^dc=forgerock^dc=org
SMS_OBJECT_CLASS = flatfile.SMSEnhancedFlatFileObject
SSHA512LDAPUSERPWD = #########
UM_DIRECTORY_PORT = 50389
UM_DIRECTORY_SERVER = localhost
UM_DS_DIRMGRDN = cn=Directory Manager
UM_DS_DIRMGRPASSWD = #########
UM_ENABLED = true
UM_NORMALIZED_ORGBASE = dc=openam,dc=forgerock,dc=org
UM_SSL = false
USER_NAMING_ATTR = uid
USER_OBJECT_CLASS = inetorgperson
USER_PROFILE_CHOICE = false
VERSION = OpenAM 13.0.0 (2016-January-14 21:15)
WEB_SERVICE_AUTHENTICATOR = com.sun.identity.liberty.ws.soapbinding.WebServiceAuthenticatorImpl
XML_ENCODING = ISO-8859-1

Finished dumping all configuration parameters
